;  LST file generated by mikroListExporter - v.2.0 
; Date/Time: 5/30/2016 11:11:42 PM
;----------------------------------------------

;Address Opcode 	ASM
0x0000	0x2815      	GOTO       21
_____DoICP:
;__Lib_System.c,6 :: 		
;__Lib_System.c,9 :: 		
0x0003	0x1283      	BCF        STATUS, 5
0x0004	0x080D      	MOVF       ___DoICPAddr+1, 0
0x0005	0x008A      	MOVWF      PCLATH
;__Lib_System.c,10 :: 		
0x0006	0x080C      	MOVF       ___DoICPAddr, 0
0x0007	0x0082      	MOVWF      PCL
;__Lib_System.c,12 :: 		
L_end_____DoICP:
0x0008	0x0008      	RETURN
; end of _____DoICP
___CC2DW:
;__Lib_System.c,134 :: 		
;__Lib_System.c,137 :: 		
_CC2D_Loop1:
;__Lib_System.c,139 :: 		
0x0009	0x2003      	CALL       _____DoICP
0x000A	0x118A      	BCF        PCLATH, 3
0x000B	0x120A      	BCF        PCLATH, 4
;__Lib_System.c,141 :: 		
0x000C	0x0080      	MOVWF      INDF
;__Lib_System.c,142 :: 		
0x000D	0x0A84      	INCF       FSR, 1
;__Lib_System.c,143 :: 		
0x000E	0x0A8C      	INCF       ___DoICPAddr, 1
;__Lib_System.c,145 :: 		
0x000F	0x1903      	BTFSC      STATUS, 2
;__Lib_System.c,146 :: 		
0x0010	0x0A8D      	INCF       ___DoICPAddr+1, 1
;__Lib_System.c,147 :: 		
0x0011	0x03C0      	DECF       R0, 1
;__Lib_System.c,149 :: 		
0x0012	0x1D03      	BTFSS      STATUS, 2
;__Lib_System.c,150 :: 		
0x0013	0x2809      	GOTO       _CC2D_Loop1
;__Lib_System.c,152 :: 		
L_end___CC2DW:
0x0014	0x0008      	RETURN
; end of ___CC2DW
_main:
;lesson9.c,2 :: 		void main() {
;lesson9.c,3 :: 		trisb=0b00000000;
0x0015	0x1683      	BSF        STATUS, 5
0x0016	0x0186      	CLRF       TRISB
;lesson9.c,4 :: 		trisa=0b11111111;
0x0017	0x30FF      	MOVLW      255
0x0018	0x0085      	MOVWF      TRISA
;lesson9.c,5 :: 		portb=0;
0x0019	0x1283      	BCF        STATUS, 5
0x001A	0x0186      	CLRF       PORTB
;lesson9.c,7 :: 		loop:
___main_loop:
;lesson9.c,8 :: 		if(porta.f0==1)
0x001B	0x1C05      	BTFSS      PORTA, 0
0x001C	0x282D      	GOTO       L_main0
;lesson9.c,10 :: 		portb.f0=255;
0x001D	0x1406      	BSF        PORTB, 0
;lesson9.c,11 :: 		delay_ms(3000);
0x001E	0x3010      	MOVLW      16
0x001F	0x00CB      	MOVWF      R11
0x0020	0x3039      	MOVLW      57
0x0021	0x00CC      	MOVWF      R12
0x0022	0x300D      	MOVLW      13
0x0023	0x00CD      	MOVWF      R13
L_main1:
0x0024	0x0BCD      	DECFSZ     R13, 1
0x0025	0x2824      	GOTO       L_main1
0x0026	0x0BCC      	DECFSZ     R12, 1
0x0027	0x2824      	GOTO       L_main1
0x0028	0x0BCB      	DECFSZ     R11, 1
0x0029	0x2824      	GOTO       L_main1
0x002A	0x0000      	NOP
0x002B	0x0000      	NOP
;lesson9.c,12 :: 		portb=0;
0x002C	0x0186      	CLRF       PORTB
;lesson9.c,13 :: 		}
L_main0:
;lesson9.c,14 :: 		goto loop;
0x002D	0x281B      	GOTO       ___main_loop
;lesson9.c,15 :: 		}
L_end_main:
0x002E	0x282E      	GOTO       $+0
; end of _main
Symbol List:
//** Routines locations **
//ADDRESS    SIZE    PROCEDURE
//----------------------------------------------
0x0003       [6]    _____DoICP
0x0009      [12]    ___CC2DW
0x0015      [26]    _main
//** Variables locations ** 
//ADDRESS    SIZE    VARIABLE
//----------------------------------------------
0x0000       [1]    INDF
0x0002       [1]    PCL
0x0003       [1]    STATUS
0x0004       [1]    FSR
0x0005       [1]    PORTA
0x0006       [1]    PORTB
0x000A       [1]    PCLATH
0x000C       [2]    ___DoICPAddr
0x0040       [1]    R0
0x0041       [1]    R1
0x0042       [1]    R2
0x0043       [1]    R3
0x0044       [1]    R4
0x0045       [1]    R5
0x0046       [1]    R6
0x0047       [1]    R7
0x0048       [1]    R8
0x0049       [1]    R9
0x004A       [1]    R10
0x004B       [1]    R11
0x004C       [1]    R12
0x004D       [1]    R13
0x004E       [1]    R14
0x004F       [1]    R15
0x0085       [1]    TRISA
0x0086       [1]    TRISB
//** Label List: ** 
//----------------------------------------------
  ___main_loop
  L_main0
  L_main1
  L_end_main
  _main
  L_loopCA2AWs
  L_CA2AWend
  _CCA2AW_Loop1
  L_loopCS2Ss
  L_CS2Send
  _CCS2S_Loop1
  L_CCS2Send
  L_loopFZinSWs
  L_FZinSend
  _CC2D_Loop1
  L_end_____DoICP
  _____DoICP
  L_end_____DoIFC
  _____DoIFC
  L_end___CA2AW
  ___CA2AW
  L_end___CCA2AW
  ___CCA2AW
  L_end___CS2S
  ___CS2S
  L_end___CCS2S
  ___CCS2S
  L_end___FZinS
  ___FZinS
  L_end___CC2DW
  ___CC2DW
  L_end_Swap
  _Swap
